[3.681s] Invoking command in '/home/trung/map_listener_ws/src/firebase_interface': PYTHONPATH=/home/trung/map_listener_ws/build/firebase_interface/prefix_override:/usr/lib/python3/dist-packages/colcon_core/task/python/colcon_distutils_commands:/home/trung/map_listener_ws/install/firebase_interface/lib/python3.10/site-packages:${PYTHONPATH} /usr/bin/python3 -W ignore:setup.py install is deprecated -W ignore:easy_install command is deprecated setup.py egg_info --egg-base ../../build/firebase_interface build --build-base /home/trung/map_listener_ws/build/firebase_interface/build install --record /home/trung/map_listener_ws/build/firebase_interface/install.log --single-version-externally-managed install_data
[5.061s] running egg_info
[5.065s] writing ../../build/firebase_interface/firebase_interface.egg-info/PKG-INFO
[5.067s] writing dependency_links to ../../build/firebase_interface/firebase_interface.egg-info/dependency_links.txt
[5.068s] writing entry points to ../../build/firebase_interface/firebase_interface.egg-info/entry_points.txt
[5.069s] writing requirements to ../../build/firebase_interface/firebase_interface.egg-info/requires.txt
[5.069s] writing top-level names to ../../build/firebase_interface/firebase_interface.egg-info/top_level.txt
[5.079s] reading manifest file '../../build/firebase_interface/firebase_interface.egg-info/SOURCES.txt'
[5.083s] writing manifest file '../../build/firebase_interface/firebase_interface.egg-info/SOURCES.txt'
[5.084s] running build
[5.084s] running build_py
[5.085s] copying firebase_interface/firebase_gps_node.py -> /home/trung/map_listener_ws/build/firebase_interface/build/lib/firebase_interface
[5.087s] running install
[5.088s] running install_lib
[5.092s] copying /home/trung/map_listener_ws/build/firebase_interface/build/lib/firebase_interface/firebase_gps_node.py -> /home/trung/map_listener_ws/install/firebase_interface/lib/python3.10/site-packages/firebase_interface
[5.096s] byte-compiling /home/trung/map_listener_ws/install/firebase_interface/lib/python3.10/site-packages/firebase_interface/firebase_gps_node.py to firebase_gps_node.cpython-310.pyc
[5.099s] running install_data
[5.100s] running install_egg_info
[5.108s] removing '/home/trung/map_listener_ws/install/firebase_interface/lib/python3.10/site-packages/firebase_interface-0.0.0-py3.10.egg-info' (and everything under it)
[5.110s] Copying ../../build/firebase_interface/firebase_interface.egg-info to /home/trung/map_listener_ws/install/firebase_interface/lib/python3.10/site-packages/firebase_interface-0.0.0-py3.10.egg-info
[5.117s] running install_scripts
[5.204s] Installing firebase_gps_node script to /home/trung/map_listener_ws/install/firebase_interface/lib/firebase_interface
[5.206s] writing list of installed files to '/home/trung/map_listener_ws/build/firebase_interface/install.log'
[5.342s] Invoked command in '/home/trung/map_listener_ws/src/firebase_interface' returned '0': PYTHONPATH=/home/trung/map_listener_ws/build/firebase_interface/prefix_override:/usr/lib/python3/dist-packages/colcon_core/task/python/colcon_distutils_commands:/home/trung/map_listener_ws/install/firebase_interface/lib/python3.10/site-packages:${PYTHONPATH} /usr/bin/python3 -W ignore:setup.py install is deprecated -W ignore:easy_install command is deprecated setup.py egg_info --egg-base ../../build/firebase_interface build --build-base /home/trung/map_listener_ws/build/firebase_interface/build install --record /home/trung/map_listener_ws/build/firebase_interface/install.log --single-version-externally-managed install_data
