[4.141s] Invoking command in '/home/trung/map_listener_ws/src/firebase_interface': PYTHONPATH=/home/trung/map_listener_ws/build/firebase_interface/prefix_override:/usr/lib/python3/dist-packages/colcon_core/task/python/colcon_distutils_commands:/home/trung/map_listener_ws/install/firebase_interface/lib/python3.10/site-packages:${PYTHONPATH} /usr/bin/python3 -W ignore:setup.py install is deprecated -W ignore:easy_install command is deprecated setup.py egg_info --egg-base ../../build/firebase_interface build --build-base /home/trung/map_listener_ws/build/firebase_interface/build install --record /home/trung/map_listener_ws/build/firebase_interface/install.log --single-version-externally-managed install_data
[5.533s] running egg_info
[5.537s] writing ../../build/firebase_interface/firebase_interface.egg-info/PKG-INFO
[5.538s] writing dependency_links to ../../build/firebase_interface/firebase_interface.egg-info/dependency_links.txt
[5.540s] writing entry points to ../../build/firebase_interface/firebase_interface.egg-info/entry_points.txt
[5.541s] writing requirements to ../../build/firebase_interface/firebase_interface.egg-info/requires.txt
[5.542s] writing top-level names to ../../build/firebase_interface/firebase_interface.egg-info/top_level.txt
[5.551s] reading manifest file '../../build/firebase_interface/firebase_interface.egg-info/SOURCES.txt'
[5.556s] writing manifest file '../../build/firebase_interface/firebase_interface.egg-info/SOURCES.txt'
[5.557s] running build
[5.557s] running build_py
[5.559s] running install
[5.560s] running install_lib
[5.567s] running install_data
[5.568s] running install_egg_info
[5.576s] removing '/home/trung/map_listener_ws/install/firebase_interface/lib/python3.10/site-packages/firebase_interface-0.0.0-py3.10.egg-info' (and everything under it)
[5.579s] Copying ../../build/firebase_interface/firebase_interface.egg-info to /home/trung/map_listener_ws/install/firebase_interface/lib/python3.10/site-packages/firebase_interface-0.0.0-py3.10.egg-info
[5.586s] running install_scripts
[5.673s] Installing firebase_gps_node script to /home/trung/map_listener_ws/install/firebase_interface/lib/firebase_interface
[5.674s] writing list of installed files to '/home/trung/map_listener_ws/build/firebase_interface/install.log'
[5.798s] Invoked command in '/home/trung/map_listener_ws/src/firebase_interface' returned '0': PYTHONPATH=/home/trung/map_listener_ws/build/firebase_interface/prefix_override:/usr/lib/python3/dist-packages/colcon_core/task/python/colcon_distutils_commands:/home/trung/map_listener_ws/install/firebase_interface/lib/python3.10/site-packages:${PYTHONPATH} /usr/bin/python3 -W ignore:setup.py install is deprecated -W ignore:easy_install command is deprecated setup.py egg_info --egg-base ../../build/firebase_interface build --build-base /home/trung/map_listener_ws/build/firebase_interface/build install --record /home/trung/map_listener_ws/build/firebase_interface/install.log --single-version-externally-managed install_data
