[6.145s] DEBUG:colcon:Command line arguments: ['/usr/bin/colcon', 'build']
[6.146s] DEBUG:colcon:Parsed command line arguments: Namespace(log_base=None, log_level=None, verb_name='build', build_base='build', install_base='install', merge_install=False, symlink_install=False, test_result_base=None, continue_on_error=False, executor='parallel', parallel_workers=4, event_handlers=None, ignore_user_meta=False, metas=['./colcon.meta'], base_paths=['.'], packages_ignore=None, packages_ignore_regex=None, paths=None, packages_up_to=None, packages_up_to_regex=None, packages_above=None, packages_above_and_dependencies=None, packages_above_depth=None, packages_select_by_dep=None, packages_skip_by_dep=None, packages_skip_up_to=None, packages_select_build_failed=False, packages_skip_build_finished=False, packages_select_test_failures=False, packages_skip_test_passed=False, packages_select=None, packages_skip=None, packages_select_regex=None, packages_skip_regex=None, packages_start=None, packages_end=None, allow_overriding=[], cmake_args=None, cmake_target=None, cmake_target_skip_unavailable=False, cmake_clean_cache=False, cmake_clean_first=False, cmake_force_configure=False, ament_cmake_args=None, catkin_cmake_args=None, catkin_skip_building_tests=False, mixin_files=None, mixin=None, verb_parser=<colcon_mixin.mixin.mixin_argument.MixinArgumentDecorator object at 0xffff9d0be890>, verb_extension=<colcon_core.verb.build.BuildVerb object at 0xffff9d0be3e0>, main=<bound method BuildVerb.main of <colcon_core.verb.build.BuildVerb object at 0xffff9d0be3e0>>, mixin_verb=('build',))
[8.759s] Level 1:colcon.colcon_core.package_discovery:discover_packages(colcon_meta) check parameters
[8.759s] Level 1:colcon.colcon_core.package_discovery:discover_packages(recursive) check parameters
[8.760s] Level 1:colcon.colcon_core.package_discovery:discover_packages(ignore) check parameters
[8.760s] Level 1:colcon.colcon_core.package_discovery:discover_packages(path) check parameters
[8.760s] Level 1:colcon.colcon_core.package_discovery:discover_packages(colcon_meta) discover
[8.760s] Level 1:colcon.colcon_core.package_discovery:discover_packages(recursive) discover
[8.761s] INFO:colcon.colcon_core.package_discovery:Crawling recursively for packages in '/home/trung/map_listener_ws'
[8.761s] Level 1:colcon.colcon_core.package_identification:_identify(.) by extensions ['ignore', 'ignore_ament_install']
[8.762s] Level 1:colcon.colcon_core.package_identification:_identify(.) by extension 'ignore'
[8.762s] Level 1:colcon.colcon_core.package_identification:_identify(.) by extension 'ignore_ament_install'
[8.762s] Level 1:colcon.colcon_core.package_identification:_identify(.) by extensions ['colcon_pkg']
[8.763s] Level 1:colcon.colcon_core.package_identification:_identify(.) by extension 'colcon_pkg'
[8.763s] Level 1:colcon.colcon_core.package_identification:_identify(.) by extensions ['colcon_meta']
[8.763s] Level 1:colcon.colcon_core.package_identification:_identify(.) by extension 'colcon_meta'
[8.763s] Level 1:colcon.colcon_core.package_identification:_identify(.) by extensions ['ros']
[8.763s] Level 1:colcon.colcon_core.package_identification:_identify(.) by extension 'ros'
[8.843s] Level 1:colcon.colcon_core.package_identification:_identify(.) by extensions ['cmake', 'python']
[8.843s] Level 1:colcon.colcon_core.package_identification:_identify(.) by extension 'cmake'
[8.843s] Level 1:colcon.colcon_core.package_identification:_identify(.) by extension 'python'
[8.844s] Level 1:colcon.colcon_core.package_identification:_identify(.) by extensions ['python_setup_py']
[8.844s] Level 1:colcon.colcon_core.package_identification:_identify(.) by extension 'python_setup_py'
[8.844s] Level 1:colcon.colcon_core.package_identification:_identify(build) by extensions ['ignore', 'ignore_ament_install']
[8.845s] Level 1:colcon.colcon_core.package_identification:_identify(build) by extension 'ignore'
[8.845s] Level 1:colcon.colcon_core.package_identification:_identify(build) ignored
[8.846s] Level 1:colcon.colcon_core.package_identification:_identify(install) by extensions ['ignore', 'ignore_ament_install']
[8.846s] Level 1:colcon.colcon_core.package_identification:_identify(install) by extension 'ignore'
[8.847s] Level 1:colcon.colcon_core.package_identification:_identify(install) ignored
[8.847s] Level 1:colcon.colcon_core.package_identification:_identify(log) by extensions ['ignore', 'ignore_ament_install']
[8.848s] Level 1:colcon.colcon_core.package_identification:_identify(log) by extension 'ignore'
[8.848s] Level 1:colcon.colcon_core.package_identification:_identify(log) ignored
[8.848s] Level 1:colcon.colcon_core.package_identification:_identify(src) by extensions ['ignore', 'ignore_ament_install']
[8.849s] Level 1:colcon.colcon_core.package_identification:_identify(src) by extension 'ignore'
[8.849s] Level 1:colcon.colcon_core.package_identification:_identify(src) by extension 'ignore_ament_install'
[8.849s] Level 1:colcon.colcon_core.package_identification:_identify(src) by extensions ['colcon_pkg']
[8.849s] Level 1:colcon.colcon_core.package_identification:_identify(src) by extension 'colcon_pkg'
[8.849s] Level 1:colcon.colcon_core.package_identification:_identify(src) by extensions ['colcon_meta']
[8.850s] Level 1:colcon.colcon_core.package_identification:_identify(src) by extension 'colcon_meta'
[8.850s] Level 1:colcon.colcon_core.package_identification:_identify(src) by extensions ['ros']
[8.850s] Level 1:colcon.colcon_core.package_identification:_identify(src) by extension 'ros'
[8.850s] Level 1:colcon.colcon_core.package_identification:_identify(src) by extensions ['cmake', 'python']
[8.851s] Level 1:colcon.colcon_core.package_identification:_identify(src) by extension 'cmake'
[8.851s] Level 1:colcon.colcon_core.package_identification:_identify(src) by extension 'python'
[8.851s] Level 1:colcon.colcon_core.package_identification:_identify(src) by extensions ['python_setup_py']
[8.851s] Level 1:colcon.colcon_core.package_identification:_identify(src) by extension 'python_setup_py'
[8.852s] Level 1:colcon.colcon_core.package_identification:_identify(src/firebase_interface) by extensions ['ignore', 'ignore_ament_install']
[8.852s] Level 1:colcon.colcon_core.package_identification:_identify(src/firebase_interface) by extension 'ignore'
[8.852s] Level 1:colcon.colcon_core.package_identification:_identify(src/firebase_interface) by extension 'ignore_ament_install'
[8.853s] Level 1:colcon.colcon_core.package_identification:_identify(src/firebase_interface) by extensions ['colcon_pkg']
[8.853s] Level 1:colcon.colcon_core.package_identification:_identify(src/firebase_interface) by extension 'colcon_pkg'
[8.853s] Level 1:colcon.colcon_core.package_identification:_identify(src/firebase_interface) by extensions ['colcon_meta']
[8.853s] Level 1:colcon.colcon_core.package_identification:_identify(src/firebase_interface) by extension 'colcon_meta'
[8.854s] Level 1:colcon.colcon_core.package_identification:_identify(src/firebase_interface) by extensions ['ros']
[8.854s] Level 1:colcon.colcon_core.package_identification:_identify(src/firebase_interface) by extension 'ros'
[8.869s] DEBUG:colcon.colcon_core.package_identification:Package 'src/firebase_interface' with type 'ros.ament_python' and name 'firebase_interface'
[8.870s] Level 1:colcon.colcon_core.package_discovery:discover_packages(recursive) using defaults
[8.870s] Level 1:colcon.colcon_core.package_discovery:discover_packages(ignore) discover
[8.871s] Level 1:colcon.colcon_core.package_discovery:discover_packages(ignore) using defaults
[8.871s] Level 1:colcon.colcon_core.package_discovery:discover_packages(path) discover
[8.871s] Level 1:colcon.colcon_core.package_discovery:discover_packages(path) using defaults
[9.057s] Level 1:colcon.colcon_core.package_discovery:discover_packages(prefix_path) check parameters
[9.057s] Level 1:colcon.colcon_core.package_discovery:discover_packages(prefix_path) discover
[9.072s] DEBUG:colcon.colcon_installed_package_information.package_discovery:Found 1 installed packages in /home/trung/map_listener_ws/install
[9.084s] DEBUG:colcon.colcon_installed_package_information.package_discovery:Found 284 installed packages in /opt/ros/humble
[9.092s] Level 1:colcon.colcon_core.package_discovery:discover_packages(prefix_path) using defaults
[9.299s] Level 5:colcon.colcon_core.verb:set package 'firebase_interface' build argument 'cmake_args' from command line to 'None'
[9.299s] Level 5:colcon.colcon_core.verb:set package 'firebase_interface' build argument 'cmake_target' from command line to 'None'
[9.299s] Level 5:colcon.colcon_core.verb:set package 'firebase_interface' build argument 'cmake_target_skip_unavailable' from command line to 'False'
[9.299s] Level 5:colcon.colcon_core.verb:set package 'firebase_interface' build argument 'cmake_clean_cache' from command line to 'False'
[9.299s] Level 5:colcon.colcon_core.verb:set package 'firebase_interface' build argument 'cmake_clean_first' from command line to 'False'
[9.300s] Level 5:colcon.colcon_core.verb:set package 'firebase_interface' build argument 'cmake_force_configure' from command line to 'False'
[9.300s] Level 5:colcon.colcon_core.verb:set package 'firebase_interface' build argument 'ament_cmake_args' from command line to 'None'
[9.300s] Level 5:colcon.colcon_core.verb:set package 'firebase_interface' build argument 'catkin_cmake_args' from command line to 'None'
[9.300s] Level 5:colcon.colcon_core.verb:set package 'firebase_interface' build argument 'catkin_skip_building_tests' from command line to 'False'
[9.300s] DEBUG:colcon.colcon_core.verb:Building package 'firebase_interface' with the following arguments: {'ament_cmake_args': None, 'build_base': '/home/trung/map_listener_ws/build/firebase_interface', 'catkin_cmake_args': None, 'catkin_skip_building_tests': False, 'cmake_args': None, 'cmake_clean_cache': False, 'cmake_clean_first': False, 'cmake_force_configure': False, 'cmake_target': None, 'cmake_target_skip_unavailable': False, 'install_base': '/home/trung/map_listener_ws/install/firebase_interface', 'merge_install': False, 'path': '/home/trung/map_listener_ws/src/firebase_interface', 'symlink_install': False, 'test_result_base': None}
[9.301s] INFO:colcon.colcon_core.executor:Executing jobs using 'parallel' executor
[9.304s] DEBUG:colcon.colcon_parallel_executor.executor.parallel:run_until_complete
[9.305s] INFO:colcon.colcon_ros.task.ament_python.build:Building ROS package in '/home/trung/map_listener_ws/src/firebase_interface' with build type 'ament_python'
[9.306s] Level 1:colcon.colcon_core.shell:create_environment_hook('firebase_interface', 'ament_prefix_path')
[9.329s] INFO:colcon.colcon_core.plugin_system:Skipping extension 'colcon_core.shell.bat': Not used on non-Windows systems
[9.330s] INFO:colcon.colcon_core.shell:Creating environment hook '/home/trung/map_listener_ws/install/firebase_interface/share/firebase_interface/hook/ament_prefix_path.ps1'
[9.335s] INFO:colcon.colcon_core.shell:Creating environment descriptor '/home/trung/map_listener_ws/install/firebase_interface/share/firebase_interface/hook/ament_prefix_path.dsv'
[9.338s] INFO:colcon.colcon_core.shell:Creating environment hook '/home/trung/map_listener_ws/install/firebase_interface/share/firebase_interface/hook/ament_prefix_path.sh'
[9.343s] INFO:colcon.colcon_core.shell:Skip shell extension 'powershell' for command environment: Not usable outside of PowerShell
[9.344s] DEBUG:colcon.colcon_core.shell:Skip shell extension 'dsv' for command environment
[10.894s] INFO:colcon.colcon_core.task.python.build:Building Python package in '/home/trung/map_listener_ws/src/firebase_interface'
[10.895s] INFO:colcon.colcon_core.shell:Skip shell extension 'powershell' for command environment: Not usable outside of PowerShell
[10.895s] DEBUG:colcon.colcon_core.shell:Skip shell extension 'dsv' for command environment
[13.482s] DEBUG:colcon.colcon_core.event_handler.log_command:Invoking command in '/home/trung/map_listener_ws/src/firebase_interface': PYTHONPATH=/home/trung/map_listener_ws/build/firebase_interface/prefix_override:/usr/lib/python3/dist-packages/colcon_core/task/python/colcon_distutils_commands:/home/trung/map_listener_ws/install/firebase_interface/lib/python3.10/site-packages:${PYTHONPATH} /usr/bin/python3 -W ignore:setup.py install is deprecated -W ignore:easy_install command is deprecated setup.py egg_info --egg-base ../../build/firebase_interface build --build-base /home/trung/map_listener_ws/build/firebase_interface/build install --record /home/trung/map_listener_ws/build/firebase_interface/install.log --single-version-externally-managed install_data
[15.149s] DEBUG:colcon.colcon_core.event_handler.log_command:Invoked command in '/home/trung/map_listener_ws/src/firebase_interface' returned '0': PYTHONPATH=/home/trung/map_listener_ws/build/firebase_interface/prefix_override:/usr/lib/python3/dist-packages/colcon_core/task/python/colcon_distutils_commands:/home/trung/map_listener_ws/install/firebase_interface/lib/python3.10/site-packages:${PYTHONPATH} /usr/bin/python3 -W ignore:setup.py install is deprecated -W ignore:easy_install command is deprecated setup.py egg_info --egg-base ../../build/firebase_interface build --build-base /home/trung/map_listener_ws/build/firebase_interface/build install --record /home/trung/map_listener_ws/build/firebase_interface/install.log --single-version-externally-managed install_data
[15.177s] Level 1:colcon.colcon_core.environment:checking '/home/trung/map_listener_ws/install/firebase_interface' for CMake module files
[15.180s] Level 1:colcon.colcon_core.environment:checking '/home/trung/map_listener_ws/install/firebase_interface' for CMake config files
[15.185s] Level 1:colcon.colcon_core.environment:checking '/home/trung/map_listener_ws/install/firebase_interface/lib'
[15.186s] Level 1:colcon.colcon_core.environment:checking '/home/trung/map_listener_ws/install/firebase_interface/bin'
[15.186s] Level 1:colcon.colcon_core.environment:checking '/home/trung/map_listener_ws/install/firebase_interface/lib/pkgconfig/firebase_interface.pc'
[15.187s] Level 1:colcon.colcon_core.environment:checking '/home/trung/map_listener_ws/install/firebase_interface/lib/python3.10/site-packages'
[15.188s] Level 1:colcon.colcon_core.shell:create_environment_hook('firebase_interface', 'pythonpath')
[15.189s] INFO:colcon.colcon_core.shell:Creating environment hook '/home/trung/map_listener_ws/install/firebase_interface/share/firebase_interface/hook/pythonpath.ps1'
[15.192s] INFO:colcon.colcon_core.shell:Creating environment descriptor '/home/trung/map_listener_ws/install/firebase_interface/share/firebase_interface/hook/pythonpath.dsv'
[15.194s] INFO:colcon.colcon_core.shell:Creating environment hook '/home/trung/map_listener_ws/install/firebase_interface/share/firebase_interface/hook/pythonpath.sh'
[15.197s] Level 1:colcon.colcon_core.environment:checking '/home/trung/map_listener_ws/install/firebase_interface/bin'
[15.197s] Level 1:colcon.colcon_core.environment:create_environment_scripts_only(firebase_interface)
[15.199s] INFO:colcon.colcon_core.shell:Creating package script '/home/trung/map_listener_ws/install/firebase_interface/share/firebase_interface/package.ps1'
[15.204s] INFO:colcon.colcon_core.shell:Creating package descriptor '/home/trung/map_listener_ws/install/firebase_interface/share/firebase_interface/package.dsv'
[15.208s] INFO:colcon.colcon_core.shell:Creating package script '/home/trung/map_listener_ws/install/firebase_interface/share/firebase_interface/package.sh'
[15.214s] INFO:colcon.colcon_core.shell:Creating package script '/home/trung/map_listener_ws/install/firebase_interface/share/firebase_interface/package.bash'
[15.220s] INFO:colcon.colcon_core.shell:Creating package script '/home/trung/map_listener_ws/install/firebase_interface/share/firebase_interface/package.zsh'
[15.225s] Level 1:colcon.colcon_core.environment:create_file_with_runtime_dependencies(/home/trung/map_listener_ws/install/firebase_interface/share/colcon-core/packages/firebase_interface)
[15.227s] DEBUG:colcon.colcon_parallel_executor.executor.parallel:closing loop
[15.229s] DEBUG:colcon.colcon_parallel_executor.executor.parallel:loop closed
[15.229s] DEBUG:colcon.colcon_parallel_executor.executor.parallel:run_until_complete finished with '0'
[15.230s] DEBUG:colcon.colcon_core.event_reactor:joining thread
[15.258s] INFO:colcon.colcon_core.plugin_system:Skipping extension 'colcon_notification.desktop_notification.terminal_notifier': Not used on non-Darwin systems
[15.259s] INFO:colcon.colcon_core.plugin_system:Skipping extension 'colcon_notification.desktop_notification.win32': Not used on non-Windows systems
[15.259s] INFO:colcon.colcon_notification.desktop_notification:Sending desktop notification using 'notify2'
[15.265s] DEBUG:colcon.colcon_notification.desktop_notification.notify2:Failed to initialize notify2: org.freedesktop.DBus.Error.ServiceUnknown: The name org.freedesktop.Notifications was not provided by any .service files
[15.265s] DEBUG:colcon.colcon_core.event_reactor:joined thread
[15.267s] INFO:colcon.colcon_core.shell:Creating prefix script '/home/trung/map_listener_ws/install/local_setup.ps1'
[15.272s] INFO:colcon.colcon_core.shell:Creating prefix util module '/home/trung/map_listener_ws/install/_local_setup_util_ps1.py'
[15.280s] INFO:colcon.colcon_core.shell:Creating prefix chain script '/home/trung/map_listener_ws/install/setup.ps1'
[15.287s] INFO:colcon.colcon_core.shell:Creating prefix script '/home/trung/map_listener_ws/install/local_setup.sh'
[15.291s] INFO:colcon.colcon_core.shell:Creating prefix util module '/home/trung/map_listener_ws/install/_local_setup_util_sh.py'
[15.294s] INFO:colcon.colcon_core.shell:Creating prefix chain script '/home/trung/map_listener_ws/install/setup.sh'
[15.300s] INFO:colcon.colcon_core.shell:Creating prefix script '/home/trung/map_listener_ws/install/local_setup.bash'
[15.303s] INFO:colcon.colcon_core.shell:Creating prefix chain script '/home/trung/map_listener_ws/install/setup.bash'
[15.310s] INFO:colcon.colcon_core.shell:Creating prefix script '/home/trung/map_listener_ws/install/local_setup.zsh'
[15.315s] INFO:colcon.colcon_core.shell:Creating prefix chain script '/home/trung/map_listener_ws/install/setup.zsh'
