running egg_info
writing ../../build/firebase_interface/firebase_interface.egg-info/PKG-INFO
writing dependency_links to ../../build/firebase_interface/firebase_interface.egg-info/dependency_links.txt
writing entry points to ../../build/firebase_interface/firebase_interface.egg-info/entry_points.txt
writing requirements to ../../build/firebase_interface/firebase_interface.egg-info/requires.txt
writing top-level names to ../../build/firebase_interface/firebase_interface.egg-info/top_level.txt
reading manifest file '../../build/firebase_interface/firebase_interface.egg-info/SOURCES.txt'
writing manifest file '../../build/firebase_interface/firebase_interface.egg-info/SOURCES.txt'
running build
running build_py
copying firebase_interface/firebase_gps_node.py -> /home/trung/map_listener_ws/build/firebase_interface/build/lib/firebase_interface
running install
running install_lib
copying /home/trung/map_listener_ws/build/firebase_interface/build/lib/firebase_interface/firebase_gps_node.py -> /home/trung/map_listener_ws/install/firebase_interface/lib/python3.10/site-packages/firebase_interface
byte-compiling /home/trung/map_listener_ws/install/firebase_interface/lib/python3.10/site-packages/firebase_interface/firebase_gps_node.py to firebase_gps_node.cpython-310.pyc
running install_data
running install_egg_info
removing '/home/trung/map_listener_ws/install/firebase_interface/lib/python3.10/site-packages/firebase_interface-0.0.0-py3.10.egg-info' (and everything under it)
Copying ../../build/firebase_interface/firebase_interface.egg-info to /home/trung/map_listener_ws/install/firebase_interface/lib/python3.10/site-packages/firebase_interface-0.0.0-py3.10.egg-info
running install_scripts
Installing firebase_gps_node script to /home/trung/map_listener_ws/install/firebase_interface/lib/firebase_interface
writing list of installed files to '/home/trung/map_listener_ws/build/firebase_interface/install.log'
