[3.640s] Invoking command in '/home/trung/map_listener_ws/src/firebase_interface': PYTHONPATH=/home/trung/map_listener_ws/build/firebase_interface/prefix_override:/usr/lib/python3/dist-packages/colcon_core/task/python/colcon_distutils_commands:/home/trung/map_listener_ws/install/firebase_interface/lib/python3.10/site-packages:${PYTHONPATH} /usr/bin/python3 -W ignore:setup.py install is deprecated -W ignore:easy_install command is deprecated setup.py egg_info --egg-base ../../build/firebase_interface build --build-base /home/trung/map_listener_ws/build/firebase_interface/build install --record /home/trung/map_listener_ws/build/firebase_interface/install.log --single-version-externally-managed install_data
[5.024s] running egg_info
[5.028s] writing ../../build/firebase_interface/firebase_interface.egg-info/PKG-INFO
[5.029s] writing dependency_links to ../../build/firebase_interface/firebase_interface.egg-info/dependency_links.txt
[5.030s] writing entry points to ../../build/firebase_interface/firebase_interface.egg-info/entry_points.txt
[5.031s] writing requirements to ../../build/firebase_interface/firebase_interface.egg-info/requires.txt
[5.032s] writing top-level names to ../../build/firebase_interface/firebase_interface.egg-info/top_level.txt
[5.041s] reading manifest file '../../build/firebase_interface/firebase_interface.egg-info/SOURCES.txt'
[5.046s] writing manifest file '../../build/firebase_interface/firebase_interface.egg-info/SOURCES.txt'
[5.047s] running build
[5.047s] running build_py
[5.048s] copying firebase_interface/firebase_gps_node.py -> /home/trung/map_listener_ws/build/firebase_interface/build/lib/firebase_interface
[5.049s] running install
[5.051s] running install_lib
[5.055s] copying /home/trung/map_listener_ws/build/firebase_interface/build/lib/firebase_interface/firebase_gps_node.py -> /home/trung/map_listener_ws/install/firebase_interface/lib/python3.10/site-packages/firebase_interface
[5.058s] byte-compiling /home/trung/map_listener_ws/install/firebase_interface/lib/python3.10/site-packages/firebase_interface/firebase_gps_node.py to firebase_gps_node.cpython-310.pyc
[5.061s] running install_data
[5.063s] running install_egg_info
[5.071s] removing '/home/trung/map_listener_ws/install/firebase_interface/lib/python3.10/site-packages/firebase_interface-0.0.0-py3.10.egg-info' (and everything under it)
[5.073s] Copying ../../build/firebase_interface/firebase_interface.egg-info to /home/trung/map_listener_ws/install/firebase_interface/lib/python3.10/site-packages/firebase_interface-0.0.0-py3.10.egg-info
[5.079s] running install_scripts
[5.166s] Installing firebase_gps_publisher script to /home/trung/map_listener_ws/install/firebase_interface/lib/firebase_interface
[5.168s] writing list of installed files to '/home/trung/map_listener_ws/build/firebase_interface/install.log'
[5.293s] Invoked command in '/home/trung/map_listener_ws/src/firebase_interface' returned '0': PYTHONPATH=/home/trung/map_listener_ws/build/firebase_interface/prefix_override:/usr/lib/python3/dist-packages/colcon_core/task/python/colcon_distutils_commands:/home/trung/map_listener_ws/install/firebase_interface/lib/python3.10/site-packages:${PYTHONPATH} /usr/bin/python3 -W ignore:setup.py install is deprecated -W ignore:easy_install command is deprecated setup.py egg_info --egg-base ../../build/firebase_interface build --build-base /home/trung/map_listener_ws/build/firebase_interface/build install --record /home/trung/map_listener_ws/build/firebase_interface/install.log --single-version-externally-managed install_data
